
  .   ____          _            __ _ _
 /\\ / ___'_ __ _ _(_)_ __  __ _ \ \ \ \
( ( )\___ | '_ | '_| | '_ \/ _` | \ \ \ \
 \\/  ___)| |_)| | | | | || (_| |  ) ) ) )
  '  |____| .__|_| |_|_| |_\__, | / / / /
 =========|_|==============|___/=/_/_/_/
 :: Spring Boot ::                (v2.7.3)

2022-11-16 19:00:24.009  INFO 32500 --- [           main] c.e.r.RestService1Application            : Starting RestService1Application using Java 11.0.12 on LKautuk-Lap with PID 32500 (C:\Users\KLokhande\IdeaProjects\ReactiveWebClientProject\rest-service1\target\classes started by KLokhande in C:\Users\KLokhande\IdeaProjects\ReactiveWebClientProject\rest-service1)
2022-11-16 19:00:24.014  INFO 32500 --- [           main] c.e.r.RestService1Application            : No active profile set, falling back to 1 default profile: "default"
2022-11-16 19:00:26.156  INFO 32500 --- [           main] o.s.b.w.embedded.tomcat.TomcatWebServer  : Tomcat initialized with port(s): 8084 (http)
2022-11-16 19:00:26.178  INFO 32500 --- [           main] o.apache.catalina.core.StandardService   : Starting service [Tomcat]
2022-11-16 19:00:26.179  INFO 32500 --- [           main] org.apache.catalina.core.StandardEngine  : Starting Servlet engine: [Apache Tomcat/9.0.65]
2022-11-16 19:00:26.446  INFO 32500 --- [           main] o.a.c.c.C.[Tomcat].[localhost].[/]       : Initializing Spring embedded WebApplicationContext
2022-11-16 19:00:26.447  INFO 32500 --- [           main] w.s.c.ServletWebServerApplicationContext : Root WebApplicationContext: initialization completed in 2296 ms
2022-11-16 19:00:27.508  INFO 32500 --- [           main] o.s.b.w.embedded.tomcat.TomcatWebServer  : Tomcat started on port(s): 8084 (http) with context path ''
2022-11-16 19:00:27.523  INFO 32500 --- [           main] c.e.r.RestService1Application            : Started RestService1Application in 4.268 seconds (JVM running for 5.113)
2022-11-16 19:00:58.471  INFO 32500 --- [nio-8084-exec-1] o.a.c.c.C.[Tomcat].[localhost].[/]       : Initializing Spring DispatcherServlet 'dispatcherServlet'
2022-11-16 19:00:58.472  INFO 32500 --- [nio-8084-exec-1] o.s.web.servlet.DispatcherServlet        : Initializing Servlet 'dispatcherServlet'
2022-11-16 19:00:58.474  INFO 32500 --- [nio-8084-exec-1] o.s.web.servlet.DispatcherServlet        : Completed initialization in 1 ms
2022-11-16 19:01:01.620 ERROR 32500 --- [ctor-http-nio-2] c.e.restservice1.service.UserService     : Handle5xxError::Error code and error message from API is :: 504 {"outstadingRID":null,"parentOutstadingRID":null,"error":"No user details found"}
2022-11-16 19:01:01.630  INFO 32500 --- [ctor-http-nio-2] c.e.restservice1.service.UserService     : There was exception in the service2 call
2022-11-16 19:01:01.630  INFO 32500 --- [ctor-http-nio-2] c.e.restservice1.service.UserService     : item is :: {"outstadingRID":null,"parentOutstadingRID":null,"error":"No user details found"}
2022-11-16 19:01:01.631  INFO 32500 --- [nio-8084-exec-1] c.e.r.controller.RestService1Controller  : Response is null
2022-11-16 19:01:01.631  INFO 32500 --- [nio-8084-exec-1] c.e.r.controller.RestService1Controller  : This is called after the service2
